<?xml version="1.0" ?>
<coverage version="7.6.1" timestamp="1725577267091" lines-valid="4" lines-covered="3" line-rate="0.75" branches-valid="0" branches-covered="0" branch-rate="1" complexity="0">
	<!-- Generated by coverage.py: https://coverage.readthedocs.io/en/7.6.1 -->
	<!-- Based on https://raw.githubusercontent.com/cobertura/web/master/htdocs/xml/coverage-04.dtd -->
	<sources>
		<source>/home/marce_geek/UTN/4/Agiles/python-actions-test</source>
	</sources>
	<packages>
		<package name="." line-rate="0.75" branch-rate="1" complexity="0">
			<classes>
				<class name="mymodule.py" filename="mymodule.py" complexity="0" line-rate="0.75" branch-rate="1">
					<methods/>
					<lines>
						<line number="1" hits="1"/>
						<line number="2" hits="1"/>
						<line number="5" hits="1"/>
						<line number="6" hits="0"/>
					</lines>
				</class>
			</classes>
		</package>
	</packages>
</coverage>
